Message: New animal placed at position: (1, 1)
Map state:
 y\x  1 2 3 4 5 6 7
  8: ---------------
  7: | | | | | | |Optional[*]|
  6: | | | | | | | |
  5: | | | | | | | |
  4: | | | | | | | |
  3: | | | | | |Optional[*]| |
  2: | | | | | | | |
  1: |Optional[^]| | | |Optional[*]| | |
  0: | | | | | |Optional[*]|Optional[*]|
 -1: ---------------

-----------------------------
Message: New animal placed at position: (2, 4)
Map state:
 y\x  1 2 3 4 5 6 7
  8: ---------------
  7: | | | | | | |Optional[*]|
  6: | | | | | | | |
  5: | | | | | | | |
  4: | |Optional[^]| | | | | |
  3: | | | | | |Optional[*]| |
  2: | | | | | | | |
  1: |Optional[^]| | | |Optional[*]| | |
  0: | | | | | |Optional[*]|Optional[*]|
 -1: ---------------

-----------------------------
Message: Animal moved from (1, 1) to (1, 2)
Map state:
 y\x  1 2 3 4 5 6 7
  8: ---------------
  7: | | | | | | |Optional[*]|
  6: | | | | | | | |
  5: | | | | | | | |
  4: | |Optional[^]| | | | | |
  3: | | | | | |Optional[*]| |
  2: |Optional[^]| | | | | | |
  1: | | | | |Optional[*]| | |
  0: | | | | | |Optional[*]|Optional[*]|
 -1: ---------------

-----------------------------
Message: Animal moved from (1, 2) to (1, 3)
Map state:
 y\x  1 2 3 4 5 6 7
  8: ---------------
  7: | | | | | | |Optional[*]|
  6: | | | | | | | |
  5: | | | | | | | |
  4: | |Optional[>]| | | | | |
  3: |Optional[^]| | | | |Optional[*]| |
  2: | | | | | | | |
  1: | | | | |Optional[*]| | |
  0: | | | | | |Optional[*]|Optional[*]|
 -1: ---------------

-----------------------------
Message: Animal moved from (2, 4) to (1, 4)
Map state:
 y\x  1 2 3 4 5 6 7
  8: ---------------
  7: | | | | | | |Optional[*]|
  6: | | | | | | | |
  5: | | | | | | | |
  4: |Optional[>]| | | | | | |
  3: |Optional[^]| | | | |Optional[*]| |
  2: | | | | | | | |
  1: | | | | |Optional[*]| | |
  0: | | | | | |Optional[*]|Optional[*]|
 -1: ---------------

-----------------------------
Message: Animal moved from (1, 4) to (0, 4)
Map state:
 y\x  0 1 2 3 4 5 6 7
  8: -----------------
  7: | | | | | | | |Optional[*]|
  6: | | | | | | | | |
  5: | | | | | | | | |
  4: |Optional[>]| | | | | | | |
  3: | |Optional[>]| | | | |Optional[*]| |
  2: | | | | | | | | |
  1: | | | | | |Optional[*]| | |
  0: | | | | | | |Optional[*]|Optional[*]|
 -1: -----------------

-----------------------------
Message: Animal moved from (1, 3) to (2, 3)
Map state:
 y\x  0 1 2 3 4 5 6 7
  8: -----------------
  7: | | | | | | | |Optional[*]|
  6: | | | | | | | | |
  5: | | | | | | | | |
  4: |Optional[>]| | | | | | | |
  3: | | |Optional[>]| | | |Optional[*]| |
  2: | | | | | | | | |
  1: | | | | | |Optional[*]| | |
  0: | | | | | | |Optional[*]|Optional[*]|
 -1: -----------------

-----------------------------
Message: Animal moved from (0, 4) to (0, 3)
Map state:
 y\x  0 1 2 3 4 5 6 7
  8: -----------------
  7: | | | | | | | |Optional[*]|
  6: | | | | | | | | |
  5: | | | | | | | | |
  4: | | | | | | | | |
  3: |Optional[v]| |Optional[v]| | | |Optional[*]| |
  2: | | | | | | | | |
  1: | | | | | |Optional[*]| | |
  0: | | | | | | |Optional[*]|Optional[*]|
 -1: -----------------

-----------------------------
Message: Animal moved from (2, 3) to (2, 4)
Map state:
 y\x  0 1 2 3 4 5 6 7
  8: -----------------
  7: | | | | | | | |Optional[*]|
  6: | | | | | | | | |
  5: | | | | | | | | |
  4: | | |Optional[v]| | | | | |
  3: |Optional[v]| | | | | |Optional[*]| |
  2: | | | | | | | | |
  1: | | | | | |Optional[*]| | |
  0: | | | | | | |Optional[*]|Optional[*]|
 -1: -----------------

-----------------------------
Message: Animal moved from (0, 3) to (0, 4)
Map state:
 y\x  0 1 2 3 4 5 6 7
  8: -----------------
  7: | | | | | | | |Optional[*]|
  6: | | | | | | | | |
  5: | | | | | | | | |
  4: |Optional[v]| |Optional[v]| | | | | |
  3: | | | | | | |Optional[*]| |
  2: | | | | | | | | |
  1: | | | | | |Optional[*]| | |
  0: | | | | | | |Optional[*]|Optional[*]|
 -1: -----------------

-----------------------------
Message: Animal moved from (2, 4) to (2, 5)
Map state:
 y\x  0 1 2 3 4 5 6 7
  8: -----------------
  7: | | | | | | | |Optional[*]|
  6: | | | | | | | | |
  5: | | |Optional[v]| | | | | |
  4: |Optional[v]| | | | | | | |
  3: | | | | | | |Optional[*]| |
  2: | | | | | | | | |
  1: | | | | | |Optional[*]| | |
  0: | | | | | | |Optional[*]|Optional[*]|
 -1: -----------------

-----------------------------
Message: Animal moved from (0, 4) to (0, 5)
Map state:
 y\x  0 1 2 3 4 5 6 7
  8: -----------------
  7: | | | | | | | |Optional[*]|
  6: | | | | | | | | |
  5: |Optional[v]| |Optional[v]| | | | | |
  4: | | | | | | | | |
  3: | | | | | | |Optional[*]| |
  2: | | | | | | | | |
  1: | | | | | |Optional[*]| | |
  0: | | | | | | |Optional[*]|Optional[*]|
 -1: -----------------

-----------------------------
Message: Animal moved from (2, 5) to (2, 6)
Map state:
 y\x  0 1 2 3 4 5 6 7
  8: -----------------
  7: | | | | | | | |Optional[*]|
  6: | | |Optional[v]| | | | | |
  5: |Optional[v]| | | | | | | |
  4: | | | | | | | | |
  3: | | | | | | |Optional[*]| |
  2: | | | | | | | | |
  1: | | | | | |Optional[*]| | |
  0: | | | | | | |Optional[*]|Optional[*]|
 -1: -----------------

-----------------------------
