Message: New animal placed at position: (1, 1)
Map state:
 y\x  0 1 2 3 4 5 6 7
  7: -----------------
  6: | | |*| | | | | |
  5: |*| | | | | | |*|
  4: | | | | | | | | |
  3: |*| | | | | | | |
  2: | | |*| | | | | |
  1: | |^| | | | | | |
  0: -----------------

-----------------------------
Message: New animal placed at position: (2, 4)
Map state:
 y\x  0 1 2 3 4 5 6 7
  7: -----------------
  6: | | |*| | | | | |
  5: |*| | | | | | |*|
  4: | | |^| | | | | |
  3: |*| | | | | | | |
  2: | | |*| | | | | |
  1: | |^| | | | | | |
  0: -----------------

-----------------------------
Message: Animal moved from (1, 1) to (1, 2)
Map state:
 y\x  0 1 2 3 4 5 6 7
  7: -----------------
  6: | | |*| | | | | |
  5: |*| | | | | | |*|
  4: | | |^| | | | | |
  3: |*| | | | | | | |
  2: | |^|*| | | | | |
  1: -----------------

-----------------------------
Message: Animal moved from (2, 4) to (2, 5)
Map state:
 y\x  0 1 2 3 4 5 6 7
  7: -----------------
  6: | | |*| | | | | |
  5: |*| |^| | | | |*|
  4: | | | | | | | | |
  3: |*| | | | | | | |
  2: | |^|*| | | | | |
  1: -----------------

-----------------------------
Message: Animal moved from (1, 2) to (2, 2)
Map state:
 y\x  0 1 2 3 4 5 6 7
  7: -----------------
  6: | | |*| | | | | |
  5: |*| |>| | | | |*|
  4: | | | | | | | | |
  3: |*| | | | | | | |
  2: | | |>| | | | | |
  1: -----------------

-----------------------------
Message: Animal moved from (2, 5) to (3, 5)
Map state:
 y\x  0 1 2 3 4 5 6 7
  7: -----------------
  6: | | |*| | | | | |
  5: |*| | |>| | | |*|
  4: | | | | | | | | |
  3: |*| | | | | | | |
  2: | | |>| | | | | |
  1: -----------------

-----------------------------
Message: Animal moved from (2, 2) to (2, 3)
Map state:
 y\x  0 1 2 3 4 5 6 7
  7: -----------------
  6: | | |*| | | | | |
  5: |*| | |v| | | |*|
  4: | | | | | | | | |
  3: |*| |v| | | | | |
  2: | | |*| | | | | |
  1: -----------------

-----------------------------
Message: Animal moved from (3, 5) to (3, 6)
Map state:
 y\x  0 1 2 3 4 5 6 7
  7: -----------------
  6: | | |*|v| | | | |
  5: |*| | | | | | |*|
  4: | | | | | | | | |
  3: |*| |v| | | | | |
  2: | | |*| | | | | |
  1: -----------------

-----------------------------
Message: Animal moved from (2, 3) to (2, 2)
Map state:
 y\x  0 1 2 3 4 5 6 7
  7: -----------------
  6: | | |*|v| | | | |
  5: |*| | | | | | |*|
  4: | | | | | | | | |
  3: |*| | | | | | | |
  2: | | |v| | | | | |
  1: -----------------

-----------------------------
Message: Animal moved from (3, 6) to (3, 5)
Map state:
 y\x  0 1 2 3 4 5 6 7
  7: -----------------
  6: | | |*| | | | | |
  5: |*| | |v| | | |*|
  4: | | | | | | | | |
  3: |*| | | | | | | |
  2: | | |v| | | | | |
  1: -----------------

-----------------------------
Message: Animal moved from (2, 2) to (2, 1)
Map state:
 y\x  0 1 2 3 4 5 6 7
  7: -----------------
  6: | | |*| | | | | |
  5: |*| | |v| | | |*|
  4: | | | | | | | | |
  3: |*| | | | | | | |
  2: | | |*| | | | | |
  1: | | |v| | | | | |
  0: -----------------

-----------------------------
Message: Animal moved from (3, 5) to (3, 4)
Map state:
 y\x  0 1 2 3 4 5 6 7
  7: -----------------
  6: | | |*| | | | | |
  5: |*| | | | | | |*|
  4: | | | |v| | | | |
  3: |*| | | | | | | |
  2: | | |*| | | | | |
  1: | | |v| | | | | |
  0: -----------------

-----------------------------
Message: Animal moved from (2, 1) to (2, 0)
Map state:
 y\x  0 1 2 3 4 5 6 7
  7: -----------------
  6: | | |*| | | | | |
  5: |*| | | | | | |*|
  4: | | | |v| | | | |
  3: |*| | | | | | | |
  2: | | |*| | | | | |
  1: | | | | | | | | |
  0: | | |v| | | | | |
 -1: -----------------

-----------------------------
