Message: New animal placed at position: (1, 1)
Map state:
 y\x  1 2 3 4 5 6
  8: -------------
  7: | | | | | |*|
  6: | | | | | | |
  5: | | | | | | |
  4: | | | | | | |
  3: | | | | |*|*|
  2: | | |*| | | |
  1: |^|*| | | | |
  0: -------------

-----------------------------
Message: New animal placed at position: (2, 4)
Map state:
 y\x  1 2 3 4 5 6
  8: -------------
  7: | | | | | |*|
  6: | | | | | | |
  5: | | | | | | |
  4: | |^| | | | |
  3: | | | | |*|*|
  2: | | |*| | | |
  1: |^|*| | | | |
  0: -------------

-----------------------------
Message: Animal moved from (1, 1) to (1, 2)
Map state:
 y\x  1 2 3 4 5 6
  8: -------------
  7: | | | | | |*|
  6: | | | | | | |
  5: | | | | | | |
  4: | |^| | | | |
  3: | | | | |*|*|
  2: |^| |*| | | |
  1: | |*| | | | |
  0: -------------

-----------------------------
Message: Animal moved from (1, 2) to (1, 3)
Map state:
 y\x  1 2 3 4 5 6
  8: -------------
  7: | | | | | |*|
  6: | | | | | | |
  5: | | | | | | |
  4: | |>| | | | |
  3: |^| | | |*|*|
  2: | | |*| | | |
  1: | |*| | | | |
  0: -------------

-----------------------------
Message: Animal moved from (2, 4) to (1, 4)
Map state:
 y\x  1 2 3 4 5 6
  8: -------------
  7: | | | | | |*|
  6: | | | | | | |
  5: | | | | | | |
  4: |>| | | | | |
  3: |^| | | |*|*|
  2: | | |*| | | |
  1: | |*| | | | |
  0: -------------

-----------------------------
Message: Animal moved from (1, 4) to (2, 4)
Map state:
 y\x  1 2 3 4 5 6
  8: -------------
  7: | | | | | |*|
  6: | | | | | | |
  5: | | | | | | |
  4: | |>| | | | |
  3: |>| | | |*|*|
  2: | | |*| | | |
  1: | |*| | | | |
  0: -------------

-----------------------------
Message: Animal moved from (1, 3) to (2, 3)
Map state:
 y\x  2 3 4 5 6
  8: -----------
  7: | | | | |*|
  6: | | | | | |
  5: | | | | | |
  4: |>| | | | |
  3: |>| | |*|*|
  2: | |*| | | |
  1: |*| | | | |
  0: -----------

-----------------------------
Message: Animal moved from (2, 4) to (3, 4)
Map state:
 y\x  2 3 4 5 6
  8: -----------
  7: | | | | |*|
  6: | | | | | |
  5: | | | | | |
  4: | |>| | | |
  3: |>| | |*|*|
  2: | |*| | | |
  1: |*| | | | |
  0: -----------

-----------------------------
Message: Animal moved from (2, 3) to (3, 3)
Map state:
 y\x  2 3 4 5 6
  8: -----------
  7: | | | | |*|
  6: | | | | | |
  5: | | | | | |
  4: | |>| | | |
  3: | |>| |*|*|
  2: | |*| | | |
  1: |*| | | | |
  0: -----------

-----------------------------
